<?xml version="1.0" encoding="UTF-8"?>
<testng-results skipped="0" failed="0" total="2" passed="2">
  <reporter-output>
  </reporter-output>
  <suite name="epam.com.tests.TsmTest" duration-ms="35598" started-at="2015-12-05T08:42:44Z" finished-at="2015-12-05T08:43:19Z">
    <groups>
    </groups>
    <test name="Command line test" duration-ms="35598" started-at="2015-12-05T08:42:44Z" finished-at="2015-12-05T08:43:19Z">
      <class name="epam.com.tests.TsmTest">
        <test-method status="PASS" signature="testFlightsSearch()[pri:0, instance:epam.com.tests.TsmTest@34322a97]" name="testFlightsSearch" duration-ms="28201" started-at="2015-12-05T05:42:44Z" finished-at="2015-12-05T05:43:12Z">
          <reporter-output>
          </reporter-output>
        </test-method> <!-- testFlightsSearch -->
        <test-method status="PASS" signature="testSuperHomePage()[pri:0, instance:epam.com.tests.TsmTest@34322a97]" name="testSuperHomePage" duration-ms="7388" started-at="2015-12-05T05:43:12Z" finished-at="2015-12-05T05:43:19Z">
          <reporter-output>
          </reporter-output>
        </test-method> <!-- testSuperHomePage -->
      </class> <!-- epam.com.tests.TsmTest -->
    </test> <!-- Command line test -->
  </suite> <!-- epam.com.tests.TsmTest -->
</testng-results>
